Log file open, 01/27/19 03:30:51
LogWindows: Failed to load 'aqProf.dll' (GetLastError=126)
LogWindows: File 'aqProf.dll' does not exist
LogWindows: Failed to load 'VtuneApi.dll' (GetLastError=126)
LogWindows: File 'VtuneApi.dll' does not exist
LogWindows: Failed to load 'VtuneApi32e.dll' (GetLastError=126)
LogWindows: File 'VtuneApi32e.dll' does not exist
LogInit: Display: Running engine for game: misteregg
LogPlatformFile: Not using cached read wrapper
LogTaskGraph: Started task graph with 5 named threads and 11 total threads with 3 sets of task threads.
LogStats: Stats thread started at 1.637339
LogD3D11RHI: Loaded GFSDK_Aftermath_Lib.x64.dll
LogICUInternationalization: Display: ICU TimeZone Detection - Raw Offset: -3:00, Platform Override: ''
LogPluginManager: Mounting plugin Paper2D
LogPluginManager: Mounting plugin AISupport
LogPluginManager: Mounting plugin LightPropagationVolume
LogPluginManager: Mounting plugin CLionSourceCodeAccess
LogPluginManager: Mounting plugin CodeLiteSourceCodeAccess
LogPluginManager: Mounting plugin GitSourceControl
LogPluginManager: Mounting plugin KDevelopSourceCodeAccess
LogPluginManager: Mounting plugin NullSourceCodeAccess
LogPluginManager: Mounting plugin PerforceSourceControl
LogPluginManager: Mounting plugin SubversionSourceControl
LogPluginManager: Mounting plugin UObjectPlugin
LogPluginManager: Mounting plugin VisualStudioCodeSourceCodeAccess
LogPluginManager: Mounting plugin VisualStudioSourceCodeAccess
LogPluginManager: Mounting plugin XCodeSourceCodeAccess
LogPluginManager: Mounting plugin AssetManagerEditor
LogPluginManager: Mounting plugin CryptoKeys
LogPluginManager: Mounting plugin DataValidation
LogPluginManager: Mounting plugin FacialAnimation
LogPluginManager: Mounting plugin GameplayTagsEditor
LogPluginManager: Mounting plugin MacGraphicsSwitching
LogPluginManager: Mounting plugin MeshEditor
LogPluginManager: Mounting plugin MobileLauncherProfileWizard
LogPluginManager: Mounting plugin PluginBrowser
LogPluginManager: Mounting plugin SpeedTreeImporter
LogPluginManager: Mounting plugin DatasmithContent
LogPluginManager: Mounting plugin AlembicImporter
LogPluginManager: Mounting plugin AppleImageUtils
LogPluginManager: Mounting plugin AppleVision
LogPluginManager: Mounting plugin BackChannel
LogPluginManager: Mounting plugin CharacterAI
LogPluginManager: Mounting plugin GeometryCache
LogPluginManager: Mounting plugin HTML5Networking
LogPluginManager: Mounting plugin ProxyLODPlugin
LogPluginManager: Mounting plugin MagicLeap
LogPluginManager: Mounting plugin MagicLeapEmulator
LogPluginManager: Mounting plugin MagicLeapMedia
LogPluginManager: Mounting plugin AndroidMedia
LogPluginManager: Mounting plugin AvfMedia
LogPluginManager: Mounting plugin ImgMedia
LogPluginManager: Mounting plugin LinearTimecode
LogPluginManager: Mounting plugin MediaCompositing
LogPluginManager: Mounting plugin MediaPlayerEditor
LogPluginManager: Mounting plugin WmfMedia
LogPluginManager: Mounting plugin TcpMessaging
LogPluginManager: Mounting plugin UdpMessaging
LogPluginManager: Mounting plugin ActorSequence
LogPluginManager: Mounting plugin LevelSequenceEditor
LogPluginManager: Mounting plugin MatineeToLevelSequence
LogPluginManager: Mounting plugin NetcodeUnitTest
LogPluginManager: Mounting plugin NUTUnrealEngine4
LogPluginManager: Mounting plugin OnlineSubsystemGooglePlay
LogPluginManager: Mounting plugin OnlineSubsystemIOS
LogPluginManager: Mounting plugin OnlineSubsystem
LogPluginManager: Mounting plugin OnlineSubsystemNull
LogPluginManager: Mounting plugin OnlineSubsystemUtils
LogPluginManager: Mounting plugin LauncherChunkInstaller
LogPluginManager: Mounting plugin AndroidDeviceProfileSelector
LogPluginManager: Mounting plugin AndroidMoviePlayer
LogPluginManager: Mounting plugin AndroidPermission
LogPluginManager: Mounting plugin AppleMoviePlayer
LogPluginManager: Mounting plugin ArchVisCharacter
LogPluginManager: Mounting plugin AudioCapture
LogPluginManager: Mounting plugin CableComponent
LogPluginManager: Mounting plugin CustomMeshComponent
LogPluginManager: Mounting plugin EditableMesh
LogPluginManager: Mounting plugin ExampleDeviceProfileSelector
LogPluginManager: Mounting plugin GoogleCloudMessaging
LogPluginManager: Mounting plugin ImmediatePhysics
LogPluginManager: Mounting plugin IOSDeviceProfileSelector
LogPluginManager: Mounting plugin LinuxDeviceProfileSelector
LogPluginManager: Mounting plugin LocationServicesBPLibrary
LogPluginManager: Mounting plugin MobilePatchingUtils
LogPluginManager: Mounting plugin OculusVR
LogPluginManager: Plugin shader directory ../../../Engine/Plugins/Runtime/Oculus/OculusVR/Shaders found
LogPluginManager: Mapping shader source directory ../../../Engine/Plugins/Runtime/Oculus/OculusVR/Shaders to virtual directory /Plugin/OculusVR
LogPluginManager: Mounting plugin PhysXVehicles
LogPluginManager: Mounting plugin ProceduralMeshComponent
LogPluginManager: Mounting plugin RuntimePhysXCooking
LogPluginManager: Mounting plugin SteamVR
LogPluginManager: Mounting plugin WindowsMoviePlayer
LogStreaming: Display: Took  0.446s to configure plugins.
LogInit: Using libcurl 7.55.1-DEV
LogInit:  - built for x86_64-pc-win32
LogInit:  - supports SSL with OpenSSL/1.0.2h
LogInit:  - supports HTTP deflate (compression) using libz 1.2.8
LogInit:  - other features:
LogInit:      CURL_VERSION_SSL
LogInit:      CURL_VERSION_LIBZ
LogInit:      CURL_VERSION_IPV6
LogInit:      CURL_VERSION_ASYNCHDNS
LogInit:      CURL_VERSION_LARGEFILE
LogInit:      CURL_VERSION_IDN
LogInit:  CurlRequestOptions (configurable via config and command line):
LogInit:  - bVerifyPeer = false  - Libcurl will NOT verify peer certificate
LogInit:  - bUseHttpProxy = false  - Libcurl will NOT use HTTP proxy
LogInit:  - bDontReuseConnections = false  - Libcurl will reuse connections
LogInit:  - CertBundlePath = nullptr  - Libcurl will use whatever was configured at build time.
LogInit:  - MaxHostConnections = 16  - Libcurl will limit the number of connections to a host
LogInit:  - LocalHostAddr = Default
LogInit:  - BufferSize = 65536
LogInit: WinSock: version 1.1 (2.2), MaxSocks=32767, MaxUdp=65467
LogInit: Build: ++UE4+Release-4.20-CL-4369336
LogInit: Engine Version: 4.20.3-4369336+++UE4+Release-4.20
LogInit: Compatible Engine Version: 4.20.0-4212847+++UE4+Release-4.20
LogInit: Net CL: 4212847
LogInit: OS: Windows 10 (), CPU: Intel(R) Core(TM) i5-5200U CPU @ 2.20GHz, GPU: Intel(R) HD Graphics 5500
LogInit: Compiled (64-bit): Sep 17 2018 12:26:19
LogInit: Compiled with Visual C++: 19.13.26129.00
LogInit: Build Configuration: Development
LogInit: Branch Name: ++UE4+Release-4.20
LogInit: Command Line:  
LogInit: Base Directory: C:/Program Files/Epic Games/UE_4.20/Engine/Binaries/Win64/
LogInit: Installed Engine Build: 1
LogDevObjectVersion: Number of dev versions registered: 20
LogDevObjectVersion:   Dev-Blueprints (B0D832E4-1F89-4F0D-ACCF-7EB736FD4AA2): 10
LogDevObjectVersion:   Dev-Build (E1C64328-A22C-4D53-A36C-8E866417BD8C): 0
LogDevObjectVersion:   Dev-Core (375EC13C-06E4-48FB-B500-84F0262A717E): 2
LogDevObjectVersion:   Dev-Editor (E4B068ED-F494-42E9-A231-DA0B2E46BB41): 24
LogDevObjectVersion:   Dev-Framework (CFFC743F-43B0-4480-9391-14DF171D2073): 34
LogDevObjectVersion:   Dev-Mobile (B02B49B5-BB20-44E9-A304-32B752E40360): 2
LogDevObjectVersion:   Dev-Networking (A4E4105C-59A1-49B5-A7C5-40C4547EDFEE): 0
LogDevObjectVersion:   Dev-Online (39C831C9-5AE6-47DC-9A44-9C173E1C8E7C): 0
LogDevObjectVersion:   Dev-Physics (78F01B33-EBEA-4F98-B9B4-84EACCB95AA2): 0
LogDevObjectVersion:   Dev-Platform (6631380F-2D4D-43E0-8009-CF276956A95A): 0
LogDevObjectVersion:   Dev-Rendering (12F88B9F-8875-4AFC-A67C-D90C383ABD29): 26
LogDevObjectVersion:   Dev-Sequencer (7B5AE74C-D270-4C10-A958-57980B212A5A): 9
LogDevObjectVersion:   Dev-VR (D7296918-1DD6-4BDD-9DE2-64A83CC13884): 2
LogDevObjectVersion:   Dev-LoadTimes (C2A15278-BFE7-4AFE-6C17-90FF531DF755): 1
LogDevObjectVersion:   Private-Geometry (6EACA3D4-40EC-4CC1-B786-8BED09428FC5): 3
LogDevObjectVersion:   Dev-AnimPhys (29E575DD-E0A3-4627-9D10-D276232CDCEA): 17
LogDevObjectVersion:   Dev-ReflectionCapture (6B266CEC-1EC7-4B8F-A30B-E4D90942FC07): 1
LogDevObjectVersion:   Dev-Automation (0DF73D61-A23F-47EA-B727-89E90C41499A): 1
LogDevObjectVersion:   FortniteMain (601D1886-AC64-4F84-AA16-D3DE0DEAC7D6): 12
LogDevObjectVersion:   Dev-Enterprise (9DFFBCD6-494F-0158-E221-12823C92A888): 1
LogStreaming: Display: Took  0.002s to delete old logs.
LogInit: Presizing for max 8388607 objects, including 0 objects not considered by GC, pre-allocating 0 bytes for permanent pool.
LogInit: Object subsystem initialized
[2019.01.27-05.30.53:800][  0]LogInit: Selected Device Profile: [Windows]
[2019.01.27-05.30.53:800][  0]LogInit: Applying CVar settings loaded from the selected device profile: [Windows]
[2019.01.27-05.30.53:947][  0]LogHAL: Display: Platform has ~ 4 GB [4196126720 / 4294967296 / 4], which maps to Smallest [LargestMinGB=32, LargerMinGB=12, DefaultMinGB=8, SmallerMinGB=6, SmallestMinGB=0)
[2019.01.27-05.30.53:947][  0]LogInit: Setting Device Profile CVar: [[r.Vulkan.UseRealUBs:1]]
[2019.01.27-05.30.53:948][  0]LogInit: Going up to parent DeviceProfile []
[2019.01.27-05.30.53:956][  0]LogInit: Computer: DESKTOP-5RHO4ED
[2019.01.27-05.30.53:956][  0]LogInit: User: Ulisses
[2019.01.27-05.30.53:956][  0]LogInit: CPU Page size=4096, Cores=2
[2019.01.27-05.30.53:956][  0]LogInit: High frequency timer resolution =2.143478 MHz
[2019.01.27-05.30.53:957][  0]LogMemory: Memory total: Physical=3.9GB (4GB approx)
[2019.01.27-05.30.53:958][  0]LogMemory: Platform Memory Stats for Windows
[2019.01.27-05.30.53:958][  0]LogMemory: Process Physical Memory: 99.91 MB used, 99.91 MB peak
[2019.01.27-05.30.53:958][  0]LogMemory: Process Virtual Memory: 90.64 MB used, 90.64 MB peak
[2019.01.27-05.30.53:958][  0]LogMemory: Physical Memory: 2956.16 MB used,  1045.57 MB free, 4001.74 MB total
[2019.01.27-05.30.53:958][  0]LogMemory: Virtual Memory: 4628.15 MB used,  1045.57 MB free, 134217728.00 MB total
[2019.01.27-05.30.54:553][  0]LogInit: Overriding language with editor language configuration option (en).
[2019.01.27-05.30.54:553][  0]LogInit: Overriding locale with editor locale configuration option (en).
[2019.01.27-05.30.55:698][  0]LogStreaming: Display: Took  1.143s to InitEngineTextLocalization.
[2019.01.27-05.30.55:956][  0]LogSlate: New Slate User Created.  User Index 0, Is Virtual User: 0
[2019.01.27-05.30.55:956][  0]LogSlate: Slate User Registered.  User Index 0, Is Virtual User: 0
[2019.01.27-05.31.02:826][  0]LogHMD: Failed to initialize OpenVR with code 110
[2019.01.27-05.31.02:827][  0]LogD3D11RHI: D3D11 adapters:
[2019.01.27-05.31.02:854][  0]LogD3D11RHI:    0. 'Intel(R) HD Graphics 5500' (Feature Level 11_0)
[2019.01.27-05.31.02:854][  0]LogD3D11RHI:       128/0/2000 MB DedicatedVideo/DedicatedSystem/SharedSystem, Outputs:1, VendorId:0x8086
[2019.01.27-05.31.02:872][  0]LogD3D11RHI:    1. 'Microsoft Basic Render Driver' (Feature Level 11_0)
[2019.01.27-05.31.02:873][  0]LogD3D11RHI:       0/0/2000 MB DedicatedVideo/DedicatedSystem/SharedSystem, Outputs:0, VendorId:0x1414
[2019.01.27-05.31.02:873][  0]LogD3D11RHI: Chosen D3D11 Adapter: 0
[2019.01.27-05.31.02:893][  0]LogD3D11RHI: Creating new Direct3DDevice
[2019.01.27-05.31.02:893][  0]LogD3D11RHI:     GPU DeviceId: 0x1616 (for the marketing name, search the web for "GPU Device Id")
[2019.01.27-05.31.02:894][  0]LogWindows: EnumDisplayDevices:
[2019.01.27-05.31.02:895][  0]LogWindows:    0. 'Intel(R) HD Graphics 5500' (P:1 D:1)
[2019.01.27-05.31.02:896][  0]LogWindows:    1. 'Intel(R) HD Graphics 5500' (P:0 D:0)
[2019.01.27-05.31.02:897][  0]LogWindows:    2. 'Intel(R) HD Graphics 5500' (P:0 D:0)
[2019.01.27-05.31.02:898][  0]LogWindows: DebugString: FoundDriverCount:3 
[2019.01.27-05.31.02:898][  0]LogD3D11RHI:     Adapter Name: Intel(R) HD Graphics 5500
[2019.01.27-05.31.02:898][  0]LogD3D11RHI:   Driver Version: 20.19.15.4531 (internal:20.19.15.4531, unified:20.19.15.4531)
[2019.01.27-05.31.02:898][  0]LogD3D11RHI:      Driver Date: 9-29-2016
[2019.01.27-05.31.02:898][  0]LogRHI: Texture pool is 789 MB (70% of 1128 MB)
[2019.01.27-05.31.02:909][  0]LogD3D11RHI: Async texture creation enabled
[2019.01.27-05.31.02:940][  0]LogD3D11RHI: GPU Timing Frequency: 12.500000 (Debug: 2 0)
[2019.01.27-05.31.02:949][  0]LogShaderCompilers: Guid format shader working directory is -17 characters bigger than the processId version (../../../../../../Users/Ulisses/Documents/Unity/GameJam2019mrEgg/Intermediate/Shaders/WorkingDirectory/14564/).
[2019.01.27-05.31.02:950][  0]LogShaderCompilers: Cleaned the shader compiler working directory 'C:/Users/Ulisses/AppData/Local/Temp/UnrealShaderWorkingDir/D7CF44CE4996BDB6529E81880F7E43D0/'.
[2019.01.27-05.31.04:221][  0]LogTemp: Display: Loaded TP AllDesktopTargetPlatform
[2019.01.27-05.31.04:277][  0]LogTemp: Display: Loaded TP MacClientTargetPlatform
[2019.01.27-05.31.04:335][  0]LogTemp: Display: Loaded TP MacNoEditorTargetPlatform
[2019.01.27-05.31.04:394][  0]LogTemp: Display: Loaded TP MacServerTargetPlatform
[2019.01.27-05.31.04:475][  0]LogTemp: Display: Loaded TP MacTargetPlatform
[2019.01.27-05.31.04:538][  0]LogTemp: Display: Loaded TP WindowsClientTargetPlatform
[2019.01.27-05.31.04:591][  0]LogTemp: Display: Loaded TP WindowsNoEditorTargetPlatform
[2019.01.27-05.31.04:641][  0]LogTemp: Display: Loaded TP WindowsServerTargetPlatform
[2019.01.27-05.31.04:669][  0]LogTemp: Display: Loaded TP WindowsTargetPlatform
[2019.01.27-05.31.05:059][  0]LogTemp: Display: Loaded TP AndroidTargetPlatform
[2019.01.27-05.31.05:059][  0]LogTemp: Display: Loaded TP AndroidTargetPlatform
[2019.01.27-05.31.05:059][  0]LogTemp: Display: Loaded TP AndroidTargetPlatform
[2019.01.27-05.31.05:059][  0]LogTemp: Display: Loaded TP AndroidTargetPlatform
[2019.01.27-05.31.05:059][  0]LogTemp: Display: Loaded TP AndroidTargetPlatform
[2019.01.27-05.31.05:059][  0]LogTemp: Display: Loaded TP AndroidTargetPlatform
[2019.01.27-05.31.05:060][  0]LogTemp: Display: Loaded TP AndroidTargetPlatform
[2019.01.27-05.31.05:060][  0]LogTemp: Display: Loaded TP AndroidTargetPlatform
[2019.01.27-05.31.05:060][  0]LogTemp: Display: Loaded TP AndroidTargetPlatform
[2019.01.27-05.31.05:060][  0]LogTemp: Display: Loaded TP AndroidTargetPlatform
[2019.01.27-05.31.05:060][  0]LogTemp: Display: Loaded TP AndroidTargetPlatform
[2019.01.27-05.31.05:060][  0]LogTemp: Display: Loaded TP AndroidTargetPlatform
[2019.01.27-05.31.05:060][  0]LogTemp: Display: Loaded TP AndroidTargetPlatform
[2019.01.27-05.31.05:060][  0]LogTemp: Display: Loaded TP AndroidTargetPlatform
[2019.01.27-05.31.05:060][  0]LogTemp: Display: Loaded TP AndroidTargetPlatform
[2019.01.27-05.31.05:060][  0]LogTemp: Display: Loaded TP AndroidTargetPlatform
[2019.01.27-05.31.05:060][  0]LogTemp: Display: Loaded TP AndroidTargetPlatform
[2019.01.27-05.31.05:060][  0]LogTemp: Display: Loaded TP AndroidTargetPlatform
[2019.01.27-05.31.05:071][  0]LogTemp: Display: Loaded TP HTML5TargetPlatform
[2019.01.27-05.31.05:250][  0]LogTemp: Display: Loaded TP IOSTargetPlatform
[2019.01.27-05.31.05:250][  0]LogTemp: Display: Loaded TP IOSTargetPlatform
[2019.01.27-05.31.05:317][  0]LogTemp: Display: Loaded TP TVOSTargetPlatform
[2019.01.27-05.31.05:317][  0]LogTemp: Display: Loaded TP TVOSTargetPlatform
[2019.01.27-05.31.05:357][  0]LogTemp: Display: Loaded TP LinuxClientTargetPlatform
[2019.01.27-05.31.05:409][  0]LogTemp: Display: Loaded TP LinuxNoEditorTargetPlatform
[2019.01.27-05.31.05:743][  0]LogTemp: Display: Loaded TP LinuxServerTargetPlatform
[2019.01.27-05.31.06:760][  0]LogTemp: Display: Loaded TP LinuxTargetPlatform
[2019.01.27-05.31.07:132][  0]LogTemp: Display: Loaded TP LuminTargetPlatform
[2019.01.27-05.31.07:133][  0]LogTargetPlatformManager: Display: Building Assets For Windows
[2019.01.27-05.31.07:620][  0]LogXGEController: Cleaning working directory: C:/Users/Ulisses/AppData/Local/Temp/UnrealXGEWorkingDir/
[2019.01.27-05.31.07:621][  0]LogXGEController: Cannot use XGE Controller as Incredibuild is not installed on this machine.
[2019.01.27-05.31.07:621][  0]LogShaderCompilers: Cannot use XGE Shader Compiler as Incredibuild is not installed on this machine.
[2019.01.27-05.31.07:621][  0]LogShaderCompilers: Display: Using Local Shader Compiler.
[2019.01.27-05.31.13:824][  0]LogDerivedDataCache: Display: Max Cache Size: 512 MB
[2019.01.27-05.31.14:679][  0]LogDerivedDataCache: Loaded boot cache 0.85s 71MB C:/Users/Ulisses/AppData/Local/UnrealEngine/4.20/DerivedDataCache/Boot.ddc.
[2019.01.27-05.31.14:679][  0]LogDerivedDataCache: Display: Loaded Boot cache: C:/Users/Ulisses/AppData/Local/UnrealEngine/4.20/DerivedDataCache/Boot.ddc
[2019.01.27-05.31.14:679][  0]LogDerivedDataCache: FDerivedDataBackendGraph:  Pak pak cache file ../../../../../../Users/Ulisses/Documents/Unity/GameJam2019mrEgg/DerivedDataCache/DDC.ddp not found, will not use a pak cache.
[2019.01.27-05.31.14:679][  0]LogDerivedDataCache: Unable to find inner node Pak for hierarchical cache Hierarchy.
[2019.01.27-05.31.14:680][  0]LogDerivedDataCache: FDerivedDataBackendGraph:  CompressedPak pak cache file ../../../../../../Users/Ulisses/Documents/Unity/GameJam2019mrEgg/DerivedDataCache/Compressed.ddp not found, will not use a pak cache.
[2019.01.27-05.31.14:680][  0]LogDerivedDataCache: Unable to find inner node CompressedPak for hierarchical cache Hierarchy.
[2019.01.27-05.31.14:855][  0]LogDerivedDataCache: Display: Pak cache opened for reading ../../../Engine/DerivedDataCache/Compressed.ddp.
[2019.01.27-05.31.14:875][  0]LogDerivedDataCache: Using Local data cache path C:/Users/Ulisses/AppData/Local/UnrealEngine/Common/DerivedDataCache: Writable
[2019.01.27-05.31.14:875][  0]LogDerivedDataCache: Shared data cache path not found in *engine.ini, will not use an Shared cache.
[2019.01.27-05.31.14:875][  0]LogDerivedDataCache: Unable to find inner node Shared for hierarchical cache Hierarchy.
[2019.01.27-05.31.14:972][  0]LogMaterial: Verifying Global Shaders for PCD3D_SM5
[2019.01.27-05.31.15:468][  0]LogSlate: Using FreeType 2.6.0
[2019.01.27-05.31.15:581][  0]LogSlate: SlateFontServices - WITH_FREETYPE: 1, WITH_HARFBUZZ: 1
[2019.01.27-05.31.16:414][  0]LogAssetRegistry: FAssetRegistry took 0.0424 seconds to start up
[2019.01.27-05.31.17:686][  0]LogInit: Selected Device Profile: [Windows]
[2019.01.27-05.31.18:671][  0]LogSimplygon: Simplygon DLL not present - disabling.
[2019.01.27-05.31.18:725][  0]LogMeshReduction: Using SimplygonSwarm for distributed automatic mesh merging
[2019.01.27-05.31.18:726][  0]LogMeshReduction: Using ProxyLODMeshReduction for automatic mesh merging
[2019.01.27-05.31.18:727][  0]LogMeshReduction: Using QuadricMeshReduction for automatic static mesh reduction
[2019.01.27-05.31.18:727][  0]LogMeshReduction: No automatic skeletal mesh reduction module available
[2019.01.27-05.31.20:336][  0]LogNetVersion: misteregg 1.0.0, NetCL: 4212847, EngineNetVer: 5, GameNetVer: 0 (Checksum: 672905997)
[2019.01.27-05.31.27:763][  0]LogPackageLocalizationCache: Processed 11 localized package path(s) for 1 prioritized culture(s) in 0.153159 seconds
[2019.01.27-05.31.27:783][  0]LogUObjectArray: 38425 objects as part of root set at end of initial load.
[2019.01.27-05.31.27:783][  0]LogUObjectAllocator: 6690864 out of 0 bytes used by permanent object pool.
[2019.01.27-05.31.27:783][  0]LogUObjectArray: CloseDisregardForGC: 0/0 objects in disregard for GC pool
[2019.01.27-05.31.38:534][  0]LogTcpMessaging: Initializing TcpMessaging bridge
[2019.01.27-05.31.38:563][  0]LogUdpMessaging: Initializing bridge on interface 0.0.0.0:0 to multicast group 230.0.0.1:6666.
[2019.01.27-05.31.39:709][  0]SourceControl: Source control is disabled
[2019.01.27-05.31.39:710][  0]SourceControl: Source control is disabled
[2019.01.27-05.31.39:734][  0]SourceControl: Source control is disabled
[2019.01.27-05.31.39:757][  0]SourceControl: Source control is disabled
[2019.01.27-05.31.40:723][  0]LogAndroidPermission: UAndroidPermissionCallbackProxy::GetInstance
[2019.01.27-05.31.41:021][  0]LogOcInput: OculusInput pre-init called
[2019.01.27-05.31.41:465][  0]LogEngine: Initializing Engine...
[2019.01.27-05.31.41:480][  0]LogHMD: Failed to initialize OpenVR with code 110
[2019.01.27-05.31.41:504][  0]LogStats: UGameplayTagsManager::ConstructGameplayTagTree: ImportINI prefixes -  0.001 s
[2019.01.27-05.31.41:504][  0]LogStats: UGameplayTagsManager::ConstructGameplayTagTree: Construct from data asset -  0.000 s
[2019.01.27-05.31.41:505][  0]LogStats: UGameplayTagsManager::ConstructGameplayTagTree: ImportINI -  0.001 s
[2019.01.27-05.31.41:505][  0]LogStats: UGameplayTagsManager::ConstructGameplayTagTree: GameplayTagTreeChangedEvent.Broadcast -  0.000 s
[2019.01.27-05.31.43:198][  0]LogInit: Initializing FReadOnlyCVARCache
[2019.01.27-05.31.43:590][  0]LogAIModule: Creating AISystem for world Untitled
[2019.01.27-05.31.43:674][  0]LogInit: XAudio2 using 'Speakers (Conexant SmartAudio HD)' : 2 channels at 44.1 kHz using 32 bits per sample (channel mask 0x3)
[2019.01.27-05.31.43:808][  0]LogInit: FAudioDevice initialized.
[2019.01.27-05.31.43:810][  0]LogNetVersion: Set ProjectVersion to 1.0.0.0. Version Checksum will be recalculated on next use.
[2019.01.27-05.31.46:052][  0]LogDerivedDataCache: Saved boot cache 2.24s 71MB C:/Users/Ulisses/AppData/Local/UnrealEngine/4.20/DerivedDataCache/Boot.ddc.
[2019.01.27-05.31.46:063][  0]LogInit: Texture streaming: Enabled
[2019.01.27-05.31.46:162][  0]LogEngineSessionManager: EngineSessionManager initialized
[2019.01.27-05.31.46:264][  0]LogInit: Transaction tracking system initialized
[2019.01.27-05.31.46:457][  0]BlueprintLog: New page: Editor Load
[2019.01.27-05.31.47:061][  0]LocalizationService: Localization service is disabled
[2019.01.27-05.31.50:197][  0]LogCook: Display: Max memory allowance for cook 16384mb min free memory 0mb
[2019.01.27-05.31.50:198][  0]LogCook: Display: Mobile HDR setting 1
[2019.01.27-05.31.50:202][  0]LogGameplayTags: Display: UGameplayTagsManager::DoneAddingNativeTags. DelegateIsBound: 0
[2019.01.27-05.31.50:204][  0]LogStats: UGameplayTagsManager::ConstructGameplayTagTree: ImportINI prefixes -  0.000 s
[2019.01.27-05.31.50:204][  0]LogStats: UGameplayTagsManager::ConstructGameplayTagTree: Construct from data asset -  0.000 s
[2019.01.27-05.31.50:204][  0]LogStats: UGameplayTagsManager::ConstructGameplayTagTree: ImportINI -  0.000 s
[2019.01.27-05.31.50:204][  0]LogStats: UGameplayTagsManager::ConstructGameplayTagTree: GameplayTagTreeChangedEvent.Broadcast -  0.000 s
[2019.01.27-05.31.50:887][  0]LogFileCache: Scanning file cache for directory 'C:/Users/Ulisses/Documents/Unity/GameJam2019mrEgg/Content/' took 0.06s
[2019.01.27-05.31.51:231][  0]SourceControl: Source control is disabled
[2019.01.27-05.31.51:236][  0]Cmd: MAP LOAD FILE="../../../../../../Users/Ulisses/Documents/Unity/GameJam2019mrEgg/Content/2DSideScrollerBP/Maps/2DSideScrollerExampleMap.umap" TEMPLATE=0 SHOWPROGRESS=1 FEATURELEVEL=3
[2019.01.27-05.31.51:255][  0]LightingResults: New page: Lighting Build
[2019.01.27-05.31.51:308][  0]MapCheck: New page: Map Check
[2019.01.27-05.31.51:308][  0]LightingResults: New page: Lighting Build
[2019.01.27-05.31.55:420][  0]LogAIModule: Creating AISystem for world 2DSideScrollerExampleMap
[2019.01.27-05.31.55:631][  0]LogEditorServer: Finished looking for orphan Actors (0.001 secs)
[2019.01.27-05.31.56:384][  0]Cmd: MAP CHECKDEP NOCLEARLOG
[2019.01.27-05.31.56:645][  0]MapCheck: Map check complete: 0 Error(s), 0 Warning(s), took 260.183ms to complete.
[2019.01.27-05.31.56:647][  0]LogFileHelpers: Loading map '2DSideScrollerExampleMap' took 5.414
[2019.01.27-05.32.05:659][  0]LogSlate: Updating window title bar state: overlay mode, drag disabled, window buttons hidden, title bar hidden
[2019.01.27-05.32.05:688][  0]LogSlate: Updating window title bar state: overlay mode, drag disabled, window buttons hidden, title bar hidden
[2019.01.27-05.32.05:713][  0]LogSlate: Updating window title bar state: overlay mode, drag disabled, window buttons hidden, title bar hidden
[2019.01.27-05.32.05:735][  0]LogSlate: Updating window title bar state: overlay mode, drag disabled, window buttons hidden, title bar hidden
[2019.01.27-05.32.05:821][  0]LogCollectionManager: Loaded 0 collections in 0.010129 seconds
[2019.01.27-05.32.05:983][  0]LogFileCache: Scanning file cache for directory 'C:/Users/Ulisses/Documents/Unity/GameJam2019mrEgg/Saved/Collections/' took 0.01s
[2019.01.27-05.32.05:983][  0]LogFileCache: Scanning file cache for directory 'C:/Users/Ulisses/Documents/Unity/GameJam2019mrEgg/Content/Developers/Ulisses/Collections/' took 0.01s
[2019.01.27-05.32.05:983][  0]LogFileCache: Scanning file cache for directory 'C:/Users/Ulisses/Documents/Unity/GameJam2019mrEgg/Content/Collections/' took 0.01s
[2019.01.27-05.32.05:983][  0]LogCollectionManager: Rebuilt the GUID cache for 0 collections in 0.000000 seconds
[2019.01.27-05.32.06:059][  0]LogContentBrowser: Native class hierarchy populated in 0.0710 seconds. Added 2572 classes and 603 folders.
[2019.01.27-05.32.06:147][  0]LogContentBrowser: Native class hierarchy updated for 'WidgetCarousel' in 0.0006 seconds. Added 0 classes and 0 folders.
[2019.01.27-05.32.08:703][  0]LogContentBrowser: Native class hierarchy updated for 'AddContentDialog' in 0.0008 seconds. Added 0 classes and 0 folders.
[2019.01.27-05.32.08:753][  0]LogContentBrowser: Native class hierarchy updated for 'SceneOutliner' in 0.0006 seconds. Added 1 classes and 2 folders.
[2019.01.27-05.32.09:091][  0]LogSlate: Took 0.057554 seconds to synchronously load lazily loaded font '../../../Engine/Content/Slate/Fonts/Roboto-Regular.ttf' (155K)
[2019.01.27-05.32.09:134][  0]LogSlate: Took 0.025474 seconds to synchronously load lazily loaded font '../../../Engine/Content/Slate/Fonts/Roboto-Bold.ttf' (160K)
[2019.01.27-05.32.09:173][  0]LogSlate: Took 0.022293 seconds to synchronously load lazily loaded font '../../../Engine/Content/Editor/Slate/Fonts/FontAwesome.ttf' (139K)
[2019.01.27-05.32.09:630][  0]LogRenderer: Reallocating scene render targets to support 1088x508 Format 9 NumSamples 1 (Frame:1).
